<?xml version="1.0" encoding="UTF-8"?>
<!-- Generated by org.testng.reporters.JUnitXMLReporter -->
<testsuite ignored="0" hostname="LAPTOP-E15BSKM2" failures="0" tests="12" name="Test maven Testing" time="0.038" errors="0" timestamp="25 Oct 2021 16:59:09 GMT">
  <testcase classname="compackage.DemoTest" name="div" time="0.008"/>
  <testcase classname="compackage.DemoTest" name="mul" time="0.001"/>
  <testcase classname="compackage.DemoTest" name="sub" time="0.0"/>
  <testcase classname="compackage.DemoTest" name="sum" time="0.001"/>
  <testcase classname="compackage.DemoTest1" name="div" time="0.0"/>
  <testcase classname="compackage.DemoTest1" name="mul" time="0.0"/>
  <testcase classname="compackage.DemoTest1" name="sub" time="0.001"/>
  <testcase classname="compackage.DemoTest1" name="sum" time="0.0"/>
  <testcase classname="compackage.DemoTest2" name="div" time="0.0"/>
  <testcase classname="compackage.DemoTest2" name="mul" time="0.0"/>
  <testcase classname="compackage.DemoTest2" name="sub" time="0.0"/>
  <testcase classname="compackage.DemoTest2" name="sum" time="0.0"/>
</testsuite> <!-- Test maven Testing -->
