<?xml version="1.0" encoding="UTF-8"?>
<testng-results ignored="0" total="12" passed="12" failed="0" skipped="0">
  <reporter-output>
  </reporter-output>
  <suite started-at="2021-10-25T16:59:09Z" name="Test maven Suite" finished-at="2021-10-25T16:59:09Z" duration-ms="38">
    <groups>
    </groups>
    <test started-at="2021-10-25T16:59:09Z" name="Test maven Testing" finished-at="2021-10-25T16:59:09Z" duration-ms="38">
      <class name="compackage.DemoTest2">
        <test-method signature="div()[pri:0, instance:compackage.DemoTest2@1dd02175]" started-at="2021-10-25T22:29:09Z" name="div" finished-at="2021-10-25T22:29:09Z" duration-ms="0" status="PASS">
          <reporter-output>
          </reporter-output>
        </test-method> <!-- div -->
        <test-method signature="mul()[pri:0, instance:compackage.DemoTest2@1dd02175]" started-at="2021-10-25T22:29:09Z" name="mul" finished-at="2021-10-25T22:29:09Z" duration-ms="0" status="PASS">
          <reporter-output>
          </reporter-output>
        </test-method> <!-- mul -->
        <test-method signature="sub()[pri:0, instance:compackage.DemoTest2@1dd02175]" started-at="2021-10-25T22:29:09Z" name="sub" finished-at="2021-10-25T22:29:09Z" duration-ms="0" status="PASS">
          <reporter-output>
          </reporter-output>
        </test-method> <!-- sub -->
        <test-method signature="sum()[pri:0, instance:compackage.DemoTest2@1dd02175]" started-at="2021-10-25T22:29:09Z" name="sum" finished-at="2021-10-25T22:29:09Z" duration-ms="0" status="PASS">
          <reporter-output>
          </reporter-output>
        </test-method> <!-- sum -->
      </class> <!-- compackage.DemoTest2 -->
      <class name="compackage.DemoTest1">
        <test-method signature="mul()[pri:0, instance:compackage.DemoTest1@11e21d0e]" started-at="2021-10-25T22:29:09Z" name="mul" finished-at="2021-10-25T22:29:09Z" duration-ms="0" status="PASS">
          <reporter-output>
          </reporter-output>
        </test-method> <!-- mul -->
        <test-method signature="div()[pri:0, instance:compackage.DemoTest1@11e21d0e]" started-at="2021-10-25T22:29:09Z" name="div" finished-at="2021-10-25T22:29:09Z" duration-ms="0" status="PASS">
          <reporter-output>
          </reporter-output>
        </test-method> <!-- div -->
        <test-method signature="sub()[pri:0, instance:compackage.DemoTest1@11e21d0e]" started-at="2021-10-25T22:29:09Z" name="sub" finished-at="2021-10-25T22:29:09Z" duration-ms="1" status="PASS">
          <reporter-output>
          </reporter-output>
        </test-method> <!-- sub -->
        <test-method signature="sum()[pri:0, instance:compackage.DemoTest1@11e21d0e]" started-at="2021-10-25T22:29:09Z" name="sum" finished-at="2021-10-25T22:29:09Z" duration-ms="0" status="PASS">
          <reporter-output>
          </reporter-output>
        </test-method> <!-- sum -->
      </class> <!-- compackage.DemoTest1 -->
      <class name="compackage.DemoTest">
        <test-method signature="div()[pri:0, instance:compackage.DemoTest@5e25a92e]" started-at="2021-10-25T22:29:09Z" name="div" finished-at="2021-10-25T22:29:09Z" duration-ms="8" status="PASS">
          <reporter-output>
          </reporter-output>
        </test-method> <!-- div -->
        <test-method signature="mul()[pri:0, instance:compackage.DemoTest@5e25a92e]" started-at="2021-10-25T22:29:09Z" name="mul" finished-at="2021-10-25T22:29:09Z" duration-ms="1" status="PASS">
          <reporter-output>
          </reporter-output>
        </test-method> <!-- mul -->
        <test-method signature="sum()[pri:0, instance:compackage.DemoTest@5e25a92e]" started-at="2021-10-25T22:29:09Z" name="sum" finished-at="2021-10-25T22:29:09Z" duration-ms="1" status="PASS">
          <reporter-output>
          </reporter-output>
        </test-method> <!-- sum -->
        <test-method signature="sub()[pri:0, instance:compackage.DemoTest@5e25a92e]" started-at="2021-10-25T22:29:09Z" name="sub" finished-at="2021-10-25T22:29:09Z" duration-ms="0" status="PASS">
          <reporter-output>
          </reporter-output>
        </test-method> <!-- sub -->
      </class> <!-- compackage.DemoTest -->
    </test> <!-- Test maven Testing -->
  </suite> <!-- Test maven Suite -->
</testng-results>
