<?xml version="1.0" encoding="UTF-8"?>
<testsuite xmlns:xsi="http://www.w3.org/2001/XMLSchema-instance" xsi:noNamespaceSchemaLocation="https://maven.apache.org/surefire/maven-surefire-plugin/xsd/surefire-test-report.xsd" name="TestSuite" time="0.706" tests="12" errors="0" skipped="0" failures="0">
  <properties>
[...]
</properties>
  <testcase name="div" classname="compackage.DemoTest" time="0.007"/>
  <testcase name="mul" classname="compackage.DemoTest" time="0"/>
  <testcase name="sub" classname="compackage.DemoTest" time="0.007"/>
  <testcase name="sum" classname="compackage.DemoTest" time="0.001"/>
  <testcase name="div" classname="compackage.DemoTest1" time="0.006"/>
  <testcase name="mul" classname="compackage.DemoTest1" time="0"/>
  <testcase name="sub" classname="compackage.DemoTest1" time="0.007"/>
  <testcase name="sum" classname="compackage.DemoTest1" time="0.001"/>
  <testcase name="div" classname="compackage.DemoTest2" time="0"/>
  <testcase name="mul" classname="compackage.DemoTest2" time="0"/>
  <testcase name="sub" classname="compackage.DemoTest2" time="0"/>
  <testcase name="sum" classname="compackage.DemoTest2" time="0"/>
</testsuite>